Arguments: 
  C:\Program Files\nodejs\node.exe C:\Program Files (x86)\Yarn\bin\yarn.js

PATH: 
  C:\Python34\;C:\Python34\Scripts;C:\Program Files (x86)\Python37-32\Scripts\;C:\Program Files (x86)\Python37-32\;C:\Python27\;C:\Python27\Scripts;C:\WINDOWS\system32;C:\WINDOWS;C:\WINDOWS\System32\Wbem;C:\WINDOWS\System32\WindowsPowerShell\v1.0\;C:\Program Files (x86)\Skype\Phone\;C:\Program Files (x86)\Microsoft SQL Server\110\Tools\Binn\;C:\Program Files\Microsoft SQL Server\110\Tools\Binn\;C:\Program Files\Microsoft SQL Server\110\DTS\Binn\;C:\Program Files (x86)\Microsoft SQL Server\110\Tools\Binn\ManagementStudio\;C:\Program Files (x86)\Microsoft SQL Server\110\DTS\Binn\;C:\ProgramData\chocolatey\bin;C:\Program Files\nodejs\;C:\Program Files\Java\jdk1.8.0_172\bin;D:\ANDROID\SDK\tools\;D:\ANDROID\SDK\platform-tools\;C:\Program Files (x86)\Yarn\bin\;C:\Program Files\dotnet\;C:\Program Files\Microsoft SQL Server\130\Tools\Binn\;C:\Program Files\MySQL\MySQL Utilities 1.6\;C:\watchman;C:\curl\curl-7.59.0-1\usr\bin;C:\Users\p.semin\AppData\Local\Programs\Git\cmd;C:\Users\p.semin\AppData\Local\Programs\Git\bin;C:\Program Files\Microsoft VS Code\bin;C:\Program Files\MongoDB\Server\4.0\bin;C:\Users\p.semin\AppData\Local\Microsoft\WindowsApps;C:\Users\p.semin\AppData\Roaming\npm;C:\Users\p.semin\AppData\Local\Yarn\bin;C:\Program Files\Docker Toolbox;C:\Users\p.semin\AppData\Local\Programs\Fiddler

Yarn version: 
  1.6.0

Node version: 
  10.1.0

Platform: 
  win32 x64

Trace: 
  SyntaxError: D:\pavel.semin\Development\NodeJS\mongodb1\package.json: Unexpected token } in JSON at position 461
      at JSON.parse (<anonymous>)
      at C:\Program Files (x86)\Yarn\lib\cli.js:1130:59
      at Generator.next (<anonymous>)
      at step (C:\Program Files (x86)\Yarn\lib\cli.js:98:30)
      at C:\Program Files (x86)\Yarn\lib\cli.js:109:13

npm manifest: 
  {
    "name": "mongodb1",
    "version": "1.0.0",
    "description": "mongodb1",
    "main": "index.js",
    "scripts": {
      "start": "nodemon app.js"
    },
    "keywords": [
      "mongodb1"
    ],
    "author": "uzerp2",
    "license": "ISC",
    "dependencies": {
      "bluebird": "^3.5.2",
      "body-parser": "^1.18.3",
      "ejs": "^2.6.1",
      "express": "^4.16.3",
      "mongoose": "^5.2.16"
    },
  
    "devDependencies": {
      "jshint": "^2.9.6",
      "jshint-stylish": "^2.2.1",
    }
  
  
  
  
  
  }

yarn manifest: 
  No manifest

Lockfile: 
  No lockfile
